0 info it worked if it ends with ok
1 verbose cli [ '/usr/bin/node', '/usr/bin/npm', 'adduser' ]
2 info using npm@3.10.10
3 info using node@v6.10.3
4 verbose stack Error: canceled
4 verbose stack     at Interface.<anonymous> (/usr/lib/node_modules/npm/node_modules/read/lib/read.js:66:13)
4 verbose stack     at emitNone (events.js:86:13)
4 verbose stack     at Interface.emit (events.js:185:7)
4 verbose stack     at Interface._ttyWrite (readline.js:717:16)
4 verbose stack     at ReadStream.onkeypress (readline.js:117:10)
4 verbose stack     at emitTwo (events.js:106:13)
4 verbose stack     at ReadStream.emit (events.js:191:7)
4 verbose stack     at emitKeys (internal/readline.js:389:14)
4 verbose stack     at next (native)
4 verbose stack     at ReadStream.onData (readline.js:963:36)
5 verbose cwd /root/microdash
6 error Linux 3.10.0-327.22.2.el7.x86_64
7 error argv "/usr/bin/node" "/usr/bin/npm" "adduser"
8 error node v6.10.3
9 error npm  v3.10.10
10 error canceled
11 error If you need help, you may report this error at:
11 error     <https://github.com/npm/npm/issues>
12 verbose exit [ 1, true ]
